<?xml version="1.0" encoding="UTF-8"?>
<testsuite xmlns:xsi="http://www.w3.org/2001/XMLSchema-instance" xsi:noNamespaceSchemaLocation="https://maven.apache.org/surefire/maven-surefire-plugin/xsd/surefire-test-report.xsd" name="TestSuite" time="0.73" tests="1" errors="0" skipped="0" failures="0">
  <properties>
    <property name="sun.desktop" value="windows"/>
    <property name="awt.toolkit" value="sun.awt.windows.WToolkit"/>
    <property name="file.encoding.pkg" value="sun.io"/>
    <property name="java.specification.version" value="1.8"/>
    <property name="sun.cpu.isalist" value="amd64"/>
    <property name="sun.jnu.encoding" value="Cp1250"/>
    <property name="java.class.path" value="C:\Users\Kornel\IdeaProjects\mockingtest\target\test-classes;C:\Users\Kornel\IdeaProjects\mockingtest\target\classes;C:\Users\Kornel\.m2\repository\org\testng\testng\6.9.10\testng-6.9.10.jar;C:\Users\Kornel\.m2\repository\com\beust\jcommander\1.48\jcommander-1.48.jar;C:\Users\Kornel\.m2\repository\org\beanshell\bsh\2.0b4\bsh-2.0b4.jar;C:\Users\Kornel\.m2\repository\org\mockito\mockito-all\1.10.19\mockito-all-1.10.19.jar;C:\Users\Kornel\.m2\repository\org\powermock\powermock-module-testng\1.6.5\powermock-module-testng-1.6.5.jar;C:\Users\Kornel\.m2\repository\org\powermock\powermock-core\1.6.5\powermock-core-1.6.5.jar;C:\Users\Kornel\.m2\repository\org\powermock\powermock-reflect\1.6.5\powermock-reflect-1.6.5.jar;C:\Users\Kornel\.m2\repository\org\javassist\javassist\3.20.0-GA\javassist-3.20.0-GA.jar;C:\Users\Kornel\.m2\repository\org\powermock\powermock-module-testng-common\1.6.5\powermock-module-testng-common-1.6.5.jar;C:\Users\Kornel\.m2\repository\org\powermock\powermock-api-mockito\1.6.5\powermock-api-mockito-1.6.5.jar;C:\Users\Kornel\.m2\repository\org\mockito\mockito-core\1.10.19\mockito-core-1.10.19.jar;C:\Users\Kornel\.m2\repository\org\objenesis\objenesis\2.1\objenesis-2.1.jar;C:\Users\Kornel\.m2\repository\org\hamcrest\hamcrest-core\1.3\hamcrest-core-1.3.jar;C:\Users\Kornel\.m2\repository\org\powermock\powermock-api-mockito-common\1.6.5\powermock-api-mockito-common-1.6.5.jar;C:\Users\Kornel\.m2\repository\org\powermock\powermock-api-support\1.6.5\powermock-api-support-1.6.5.jar;"/>
    <property name="java.vm.vendor" value="Oracle Corporation"/>
    <property name="sun.arch.data.model" value="64"/>
    <property name="user.variant" value=""/>
    <property name="java.vendor.url" value="http://java.oracle.com/"/>
    <property name="user.timezone" value="Europe/Prague"/>
    <property name="java.vm.specification.version" value="1.8"/>
    <property name="os.name" value="Windows 10"/>
    <property name="user.country" value="US"/>
    <property name="sun.java.launcher" value="SUN_STANDARD"/>
    <property name="sun.boot.library.path" value="C:\Program Files\Java\jdk1.8.0_201\jre\bin"/>
    <property name="sun.java.command" value="C:\Users\Kornel\AppData\Local\Temp\surefire3877575038545920500\surefirebooter4636790110182438160.jar C:\Users\Kornel\AppData\Local\Temp\surefire3877575038545920500 2020-06-04T13-56-48_204-jvmRun1 surefire6370735983992689521tmp surefire_08604977304935522966tmp"/>
    <property name="surefire.test.class.path" value="C:\Users\Kornel\IdeaProjects\mockingtest\target\test-classes;C:\Users\Kornel\IdeaProjects\mockingtest\target\classes;C:\Users\Kornel\.m2\repository\org\testng\testng\6.9.10\testng-6.9.10.jar;C:\Users\Kornel\.m2\repository\com\beust\jcommander\1.48\jcommander-1.48.jar;C:\Users\Kornel\.m2\repository\org\beanshell\bsh\2.0b4\bsh-2.0b4.jar;C:\Users\Kornel\.m2\repository\org\mockito\mockito-all\1.10.19\mockito-all-1.10.19.jar;C:\Users\Kornel\.m2\repository\org\powermock\powermock-module-testng\1.6.5\powermock-module-testng-1.6.5.jar;C:\Users\Kornel\.m2\repository\org\powermock\powermock-core\1.6.5\powermock-core-1.6.5.jar;C:\Users\Kornel\.m2\repository\org\powermock\powermock-reflect\1.6.5\powermock-reflect-1.6.5.jar;C:\Users\Kornel\.m2\repository\org\javassist\javassist\3.20.0-GA\javassist-3.20.0-GA.jar;C:\Users\Kornel\.m2\repository\org\powermock\powermock-module-testng-common\1.6.5\powermock-module-testng-common-1.6.5.jar;C:\Users\Kornel\.m2\repository\org\powermock\powermock-api-mockito\1.6.5\powermock-api-mockito-1.6.5.jar;C:\Users\Kornel\.m2\repository\org\mockito\mockito-core\1.10.19\mockito-core-1.10.19.jar;C:\Users\Kornel\.m2\repository\org\objenesis\objenesis\2.1\objenesis-2.1.jar;C:\Users\Kornel\.m2\repository\org\hamcrest\hamcrest-core\1.3\hamcrest-core-1.3.jar;C:\Users\Kornel\.m2\repository\org\powermock\powermock-api-mockito-common\1.6.5\powermock-api-mockito-common-1.6.5.jar;C:\Users\Kornel\.m2\repository\org\powermock\powermock-api-support\1.6.5\powermock-api-support-1.6.5.jar;"/>
    <property name="sun.cpu.endian" value="little"/>
    <property name="user.home" value="C:\Users\Kornel"/>
    <property name="user.language" value="en"/>
    <property name="java.specification.vendor" value="Oracle Corporation"/>
    <property name="java.home" value="C:\Program Files\Java\jdk1.8.0_201\jre"/>
    <property name="basedir" value="C:\Users\Kornel\IdeaProjects\mockingtest"/>
    <property name="file.separator" value="\"/>
    <property name="line.separator" value="&#10;"/>
    <property name="java.vm.specification.vendor" value="Oracle Corporation"/>
    <property name="java.specification.name" value="Java Platform API Specification"/>
    <property name="java.awt.graphicsenv" value="sun.awt.Win32GraphicsEnvironment"/>
    <property name="surefire.real.class.path" value="C:\Users\Kornel\AppData\Local\Temp\surefire3877575038545920500\surefirebooter4636790110182438160.jar"/>
    <property name="sun.boot.class.path" value="C:\Program Files\Java\jdk1.8.0_201\jre\lib\resources.jar;C:\Program Files\Java\jdk1.8.0_201\jre\lib\rt.jar;C:\Program Files\Java\jdk1.8.0_201\jre\lib\sunrsasign.jar;C:\Program Files\Java\jdk1.8.0_201\jre\lib\jsse.jar;C:\Program Files\Java\jdk1.8.0_201\jre\lib\jce.jar;C:\Program Files\Java\jdk1.8.0_201\jre\lib\charsets.jar;C:\Program Files\Java\jdk1.8.0_201\jre\lib\jfr.jar;C:\Program Files\Java\jdk1.8.0_201\jre\classes"/>
    <property name="user.script" value=""/>
    <property name="sun.management.compiler" value="HotSpot 64-Bit Tiered Compilers"/>
    <property name="java.runtime.version" value="1.8.0_201-b09"/>
    <property name="user.name" value="Kornel"/>
    <property name="path.separator" value=";"/>
    <property name="os.version" value="10.0"/>
    <property name="java.endorsed.dirs" value="C:\Program Files\Java\jdk1.8.0_201\jre\lib\endorsed"/>
    <property name="java.runtime.name" value="Java(TM) SE Runtime Environment"/>
    <property name="file.encoding" value="Cp1250"/>
    <property name="java.vm.name" value="Java HotSpot(TM) 64-Bit Server VM"/>
    <property name="localRepository" value="C:\Users\Kornel\.m2\repository"/>
    <property name="java.vendor.url.bug" value="http://bugreport.sun.com/bugreport/"/>
    <property name="java.io.tmpdir" value="C:\Users\Kornel\AppData\Local\Temp\"/>
    <property name="java.version" value="1.8.0_201"/>
    <property name="user.dir" value="C:\Users\Kornel\IdeaProjects\mockingtest"/>
    <property name="os.arch" value="amd64"/>
    <property name="java.vm.specification.name" value="Java Virtual Machine Specification"/>
    <property name="java.awt.printerjob" value="sun.awt.windows.WPrinterJob"/>
    <property name="sun.os.patch.level" value=""/>
    <property name="java.library.path" value="C:\Program Files\Java\jdk1.8.0_201\jre\bin;C:\WINDOWS\Sun\Java\bin;C:\WINDOWS\system32;C:\WINDOWS;C:\Program Files\Git\cmd;C:\Program Files (x86)\Common Files\Oracle\Java\javapath;c:\windows\system32;c:\windows;c:\windows\system32\wbem;c:\windows\system32\windowspowershell\v1.0\;c:\windows\system32\openssh\;c:\program files\microsoft sql server\130\tools\binn\;C:\Program Files (x86)\NVIDIA Corporation\PhysX\Common;C:\Program Files\NVIDIA Corporation\NVIDIA NvDLISR;;C:\WINDOWS\system32;C:\WINDOWS;C:\WINDOWS\System32\Wbem;C:\WINDOWS\System32\WindowsPowerShell\v1.0\;C:\WINDOWS\System32\OpenSSH\;C:\Program Files\Docker\Docker\resources\bin;C:\ProgramData\DockerDesktop\version-bin;C:\Users\Kornel\AppData\Local\Microsoft\WindowsApps;C:\Program Files\JetBrains\IntelliJ IDEA 2019.1\bin;;C:\Program Files\JetBrains\JetBrains Rider 2019.2.3\bin;;C:\Program Files\JetBrains\IntelliJ IDEA Community Edition 2020.1.1\bin;;C:\Program Files\Java\jdk1.8.0_201\bin;C:\Program Files\maven\apache-maven-3.6.3\bin;;."/>
    <property name="java.vm.info" value="mixed mode"/>
    <property name="java.vendor" value="Oracle Corporation"/>
    <property name="java.vm.version" value="25.201-b09"/>
    <property name="java.ext.dirs" value="C:\Program Files\Java\jdk1.8.0_201\jre\lib\ext;C:\WINDOWS\Sun\Java\lib\ext"/>
    <property name="sun.io.unicode.encoding" value="UnicodeLittle"/>
    <property name="java.class.version" value="52.0"/>
  </properties>
  <testcase name="testAuch" classname="com.asd.MomTest" time="0.105"/>
</testsuite>