<?xml version="1.0" encoding="UTF-8"?>
<!-- Generated by org.testng.reporters.JUnitReportReporter -->
<testsuite hostname="DESKTOP-L7OM3NN" name="com.asd.MomTest" tests="1" failures="0" timestamp="4 Jun 2020 11:56:49 GMT" time="0.237" errors="0">
  <testcase name="testAuch" time="0.237" classname="com.asd.MomTest"/>
</testsuite> <!-- com.asd.MomTest -->
